<?xml version="1.0" encoding="UTF-8"?>
<coverage generated="1600686408410" clover="3.2.0">
  <project timestamp="1600686408410" name="All files">
    <metrics statements="16" coveredstatements="16" conditionals="6" coveredconditionals="5" methods="5" coveredmethods="5" elements="27" coveredelements="26" complexity="0" loc="16" ncloc="16" packages="1" files="2" classes="2"/>
    <file name="index.ts" path="D:\Vaibhav_Angular\Orxe\checkbox\packages\singlecheckbox\src\index.ts">
      <metrics statements="0" coveredstatements="0" conditionals="0" coveredconditionals="0" methods="0" coveredmethods="0"/>
    </file>
    <file name="orxe-singlecheckbox.ts" path="D:\Vaibhav_Angular\Orxe\checkbox\packages\singlecheckbox\src\orxe-singlecheckbox.ts">
      <metrics statements="16" coveredstatements="16" conditionals="6" coveredconditionals="5" methods="5" coveredmethods="5"/>
      <line num="14" count="9" type="stmt"/>
      <line num="16" count="9" type="stmt"/>
      <line num="23" count="2" type="stmt"/>
      <line num="24" count="2" type="cond" truecount="2" falsecount="0"/>
      <line num="25" count="1" type="stmt"/>
      <line num="27" count="1" type="stmt"/>
      <line num="36" count="1" type="stmt"/>
      <line num="37" count="1" type="cond" truecount="1" falsecount="1"/>
      <line num="38" count="1" type="stmt"/>
      <line num="47" count="2" type="stmt"/>
      <line num="48" count="2" type="cond" truecount="2" falsecount="0"/>
      <line num="49" count="1" type="stmt"/>
      <line num="51" count="1" type="stmt"/>
      <line num="60" count="10" type="stmt"/>
      <line num="114" count="30" type="stmt"/>
      <line num="131" count="2" type="stmt"/>
    </file>
  </project>
</coverage>
