<?xml version="1.0" encoding="UTF-8"?>
<coverage generated="1600884966779" clover="3.2.0">
  <project timestamp="1600884966779" name="All files">
    <metrics statements="27" coveredstatements="24" conditionals="14" coveredconditionals="8" methods="5" coveredmethods="5" elements="46" coveredelements="37" complexity="0" loc="27" ncloc="27" packages="1" files="2" classes="2"/>
    <file name="index.ts" path="D:\Vaibhav_Angular\Orxe\checkbox\packages\singlecheckbox\src\index.ts">
      <metrics statements="0" coveredstatements="0" conditionals="0" coveredconditionals="0" methods="0" coveredmethods="0"/>
    </file>
    <file name="orxe-singlecheckbox.ts" path="D:\Vaibhav_Angular\Orxe\checkbox\packages\singlecheckbox\src\orxe-singlecheckbox.ts">
      <metrics statements="27" coveredstatements="24" conditionals="14" coveredconditionals="8" methods="5" coveredmethods="5"/>
      <line num="19" count="7" type="stmt"/>
      <line num="28" count="7" type="stmt"/>
      <line num="36" count="7" type="stmt"/>
      <line num="44" count="7" type="stmt"/>
      <line num="52" count="7" type="stmt"/>
      <line num="60" count="7" type="stmt"/>
      <line num="63" count="8" type="cond" truecount="1" falsecount="1"/>
      <line num="64" count="8" type="stmt"/>
      <line num="65" count="8" type="cond" truecount="1" falsecount="1"/>
      <line num="66" count="8" type="cond" truecount="1" falsecount="1"/>
      <line num="67" count="0" type="stmt"/>
      <line num="68" count="0" type="stmt"/>
      <line num="71" count="8" type="stmt"/>
      <line num="72" count="8" type="stmt"/>
      <line num="83" count="2" type="stmt"/>
      <line num="84" count="2" type="cond" truecount="2" falsecount="0"/>
      <line num="85" count="1" type="stmt"/>
      <line num="87" count="1" type="stmt"/>
      <line num="96" count="1" type="stmt"/>
      <line num="97" count="1" type="cond" truecount="1" falsecount="1"/>
      <line num="98" count="1" type="stmt"/>
      <line num="107" count="8" type="stmt"/>
      <line num="123" count="8" type="cond" truecount="1" falsecount="1"/>
      <line num="124" count="0" type="stmt"/>
      <line num="131" count="8" type="cond" truecount="1" falsecount="1"/>
      <line num="132" count="8" type="stmt"/>
      <line num="145" count="2" type="stmt"/>
    </file>
  </project>
</coverage>
