{"D:\\Vaibhav_Angular\\Orxe\\checkbox\\packages\\singlecheckbox\\src\\index.ts": {"path":"D:\\Vaibhav_Angular\\Orxe\\checkbox\\packages\\singlecheckbox\\src\\index.ts","statementMap":{},"fnMap":{},"branchMap":{},"s":{},"f":{},"b":{},"_coverageSchema":"1a1c01bbd47fc00a2c39e90264f33305004495a9","hash":"34e21a15e08246bb2a780123ca2f397e495b8768"}
,"D:\\Vaibhav_Angular\\Orxe\\checkbox\\packages\\singlecheckbox\\src\\orxe-singlecheckbox.ts": {"path":"D:\\Vaibhav_Angular\\Orxe\\checkbox\\packages\\singlecheckbox\\src\\orxe-singlecheckbox.ts","statementMap":{"0":{"start":{"line":14,"column":13},"end":{"line":14,"column":22}},"1":{"start":{"line":16,"column":17},"end":{"line":16,"column":53}},"2":{"start":{"line":23,"column":4},"end":{"line":23,"column":69}},"3":{"start":{"line":24,"column":4},"end":{"line":28,"column":5}},"4":{"start":{"line":25,"column":6},"end":{"line":25,"column":53}},"5":{"start":{"line":27,"column":6},"end":{"line":27,"column":52}},"6":{"start":{"line":36,"column":4},"end":{"line":36,"column":70}},"7":{"start":{"line":37,"column":4},"end":{"line":39,"column":5}},"8":{"start":{"line":38,"column":6},"end":{"line":38,"column":53}},"9":{"start":{"line":47,"column":4},"end":{"line":47,"column":74}},"10":{"start":{"line":48,"column":4},"end":{"line":52,"column":5}},"11":{"start":{"line":49,"column":6},"end":{"line":49,"column":58}},"12":{"start":{"line":51,"column":6},"end":{"line":51,"column":57}},"13":{"start":{"line":60,"column":4},"end":{"line":124,"column":10}},"14":{"start":{"line":114,"column":45},"end":{"line":120,"column":9}},"15":{"start":{"line":131,"column":18},"end":{"line":131,"column":24}}},"fnMap":{"0":{"name":"(anonymous_0)","decl":{"start":{"line":22,"column":2},"end":{"line":22,"column":3}},"loc":{"start":{"line":22,"column":37},"end":{"line":29,"column":3}},"line":22},"1":{"name":"(anonymous_1)","decl":{"start":{"line":35,"column":2},"end":{"line":35,"column":3}},"loc":{"start":{"line":35,"column":45},"end":{"line":40,"column":3}},"line":35},"2":{"name":"(anonymous_2)","decl":{"start":{"line":46,"column":2},"end":{"line":46,"column":3}},"loc":{"start":{"line":46,"column":43},"end":{"line":53,"column":3}},"line":46},"3":{"name":"(anonymous_3)","decl":{"start":{"line":59,"column":2},"end":{"line":59,"column":3}},"loc":{"start":{"line":59,"column":11},"end":{"line":125,"column":3}},"line":59},"4":{"name":"(anonymous_4)","decl":{"start":{"line":114,"column":32},"end":{"line":114,"column":33}},"loc":{"start":{"line":114,"column":45},"end":{"line":120,"column":9}},"line":114}},"branchMap":{"0":{"loc":{"start":{"line":24,"column":4},"end":{"line":28,"column":5}},"type":"if","locations":[{"start":{"line":24,"column":4},"end":{"line":28,"column":5}},{"start":{"line":24,"column":4},"end":{"line":28,"column":5}}],"line":24},"1":{"loc":{"start":{"line":37,"column":4},"end":{"line":39,"column":5}},"type":"if","locations":[{"start":{"line":37,"column":4},"end":{"line":39,"column":5}},{"start":{"line":37,"column":4},"end":{"line":39,"column":5}}],"line":37},"2":{"loc":{"start":{"line":48,"column":4},"end":{"line":52,"column":5}},"type":"if","locations":[{"start":{"line":48,"column":4},"end":{"line":52,"column":5}},{"start":{"line":48,"column":4},"end":{"line":52,"column":5}}],"line":48}},"s":{"0":9,"1":9,"2":2,"3":2,"4":1,"5":1,"6":1,"7":1,"8":1,"9":2,"10":2,"11":1,"12":1,"13":10,"14":30,"15":2},"f":{"0":2,"1":1,"2":2,"3":10,"4":30},"b":{"0":[1,1],"1":[1,0],"2":[1,1]},"_coverageSchema":"1a1c01bbd47fc00a2c39e90264f33305004495a9","hash":"713a987607ae9f289d03fb8f8c38f9a7ca33e4dc"}
}
