{"D:\\Vaibhav_Angular\\Orxe\\checkbox\\packages\\singlecheckbox\\src\\index.ts": {"path":"D:\\Vaibhav_Angular\\Orxe\\checkbox\\packages\\singlecheckbox\\src\\index.ts","statementMap":{},"fnMap":{},"branchMap":{},"s":{},"f":{},"b":{},"_coverageSchema":"1a1c01bbd47fc00a2c39e90264f33305004495a9","hash":"34e21a15e08246bb2a780123ca2f397e495b8768"}
,"D:\\Vaibhav_Angular\\Orxe\\checkbox\\packages\\singlecheckbox\\src\\orxe-singlecheckbox.ts": {"path":"D:\\Vaibhav_Angular\\Orxe\\checkbox\\packages\\singlecheckbox\\src\\orxe-singlecheckbox.ts","statementMap":{"0":{"start":{"line":19,"column":13},"end":{"line":19,"column":18}},"1":{"start":{"line":28,"column":18},"end":{"line":28,"column":37}},"2":{"start":{"line":36,"column":9},"end":{"line":36,"column":19}},"3":{"start":{"line":44,"column":10},"end":{"line":44,"column":17}},"4":{"start":{"line":52,"column":12},"end":{"line":52,"column":17}},"5":{"start":{"line":60,"column":13},"end":{"line":60,"column":18}},"6":{"start":{"line":63,"column":4},"end":{"line":75,"column":5}},"7":{"start":{"line":64,"column":26},"end":{"line":64,"column":69}},"8":{"start":{"line":65,"column":6},"end":{"line":74,"column":7}},"9":{"start":{"line":66,"column":8},"end":{"line":73,"column":9}},"10":{"start":{"line":67,"column":10},"end":{"line":67,"column":58}},"11":{"start":{"line":68,"column":10},"end":{"line":68,"column":60}},"12":{"start":{"line":71,"column":10},"end":{"line":71,"column":50}},"13":{"start":{"line":72,"column":10},"end":{"line":72,"column":61}},"14":{"start":{"line":83,"column":4},"end":{"line":83,"column":69}},"15":{"start":{"line":84,"column":4},"end":{"line":88,"column":5}},"16":{"start":{"line":85,"column":6},"end":{"line":85,"column":53}},"17":{"start":{"line":87,"column":6},"end":{"line":87,"column":52}},"18":{"start":{"line":96,"column":4},"end":{"line":96,"column":70}},"19":{"start":{"line":97,"column":4},"end":{"line":99,"column":5}},"20":{"start":{"line":98,"column":6},"end":{"line":98,"column":53}},"21":{"start":{"line":107,"column":4},"end":{"line":115,"column":3}},"22":{"start":{"line":123,"column":4},"end":{"line":139,"column":5}},"23":{"start":{"line":124,"column":6},"end":{"line":130,"column":6}},"24":{"start":{"line":131,"column":11},"end":{"line":139,"column":5}},"25":{"start":{"line":132,"column":6},"end":{"line":138,"column":6}},"26":{"start":{"line":145,"column":18},"end":{"line":145,"column":24}}},"fnMap":{"0":{"name":"(anonymous_0)","decl":{"start":{"line":62,"column":2},"end":{"line":62,"column":3}},"loc":{"start":{"line":62,"column":17},"end":{"line":76,"column":3}},"line":62},"1":{"name":"(anonymous_1)","decl":{"start":{"line":82,"column":2},"end":{"line":82,"column":3}},"loc":{"start":{"line":82,"column":29},"end":{"line":89,"column":3}},"line":82},"2":{"name":"(anonymous_2)","decl":{"start":{"line":95,"column":2},"end":{"line":95,"column":3}},"loc":{"start":{"line":95,"column":37},"end":{"line":100,"column":3}},"line":95},"3":{"name":"(anonymous_3)","decl":{"start":{"line":106,"column":2},"end":{"line":106,"column":3}},"loc":{"start":{"line":106,"column":11},"end":{"line":116,"column":3}},"line":106},"4":{"name":"(anonymous_4)","decl":{"start":{"line":122,"column":2},"end":{"line":122,"column":3}},"loc":{"start":{"line":122,"column":19},"end":{"line":140,"column":3}},"line":122}},"branchMap":{"0":{"loc":{"start":{"line":63,"column":4},"end":{"line":75,"column":5}},"type":"if","locations":[{"start":{"line":63,"column":4},"end":{"line":75,"column":5}},{"start":{"line":63,"column":4},"end":{"line":75,"column":5}}],"line":63},"1":{"loc":{"start":{"line":65,"column":6},"end":{"line":74,"column":7}},"type":"if","locations":[{"start":{"line":65,"column":6},"end":{"line":74,"column":7}},{"start":{"line":65,"column":6},"end":{"line":74,"column":7}}],"line":65},"2":{"loc":{"start":{"line":66,"column":8},"end":{"line":73,"column":9}},"type":"if","locations":[{"start":{"line":66,"column":8},"end":{"line":73,"column":9}},{"start":{"line":66,"column":8},"end":{"line":73,"column":9}}],"line":66},"3":{"loc":{"start":{"line":84,"column":4},"end":{"line":88,"column":5}},"type":"if","locations":[{"start":{"line":84,"column":4},"end":{"line":88,"column":5}},{"start":{"line":84,"column":4},"end":{"line":88,"column":5}}],"line":84},"4":{"loc":{"start":{"line":97,"column":4},"end":{"line":99,"column":5}},"type":"if","locations":[{"start":{"line":97,"column":4},"end":{"line":99,"column":5}},{"start":{"line":97,"column":4},"end":{"line":99,"column":5}}],"line":97},"5":{"loc":{"start":{"line":123,"column":4},"end":{"line":139,"column":5}},"type":"if","locations":[{"start":{"line":123,"column":4},"end":{"line":139,"column":5}},{"start":{"line":123,"column":4},"end":{"line":139,"column":5}}],"line":123},"6":{"loc":{"start":{"line":131,"column":11},"end":{"line":139,"column":5}},"type":"if","locations":[{"start":{"line":131,"column":11},"end":{"line":139,"column":5}},{"start":{"line":131,"column":11},"end":{"line":139,"column":5}}],"line":131}},"s":{"0":7,"1":7,"2":7,"3":7,"4":7,"5":7,"6":8,"7":8,"8":8,"9":8,"10":0,"11":0,"12":8,"13":8,"14":2,"15":2,"16":1,"17":1,"18":1,"19":1,"20":1,"21":8,"22":8,"23":0,"24":8,"25":8,"26":2},"f":{"0":8,"1":2,"2":1,"3":8,"4":8},"b":{"0":[8,0],"1":[8,0],"2":[0,8],"3":[1,1],"4":[1,0],"5":[0,8],"6":[8,0]},"_coverageSchema":"1a1c01bbd47fc00a2c39e90264f33305004495a9","hash":"aeb0ded18efd9ec57d5ba0f8ed5f24fb55cd0a30"}
}
