TN:
SF:src\index.ts
FNF:0
FNH:0
LF:0
LH:0
BRF:0
BRH:0
end_of_record
TN:
SF:src\orxe-singlecheckbox.ts
FN:22,(anonymous_0)
FN:35,(anonymous_1)
FN:46,(anonymous_2)
FN:59,(anonymous_3)
FN:114,(anonymous_4)
FNF:5
FNH:5
FNDA:2,(anonymous_0)
FNDA:1,(anonymous_1)
FNDA:2,(anonymous_2)
FNDA:10,(anonymous_3)
FNDA:30,(anonymous_4)
DA:14,9
DA:16,9
DA:23,2
DA:24,2
DA:25,1
DA:27,1
DA:36,1
DA:37,1
DA:38,1
DA:47,2
DA:48,2
DA:49,1
DA:51,1
DA:60,10
DA:114,30
DA:131,2
LF:16
LH:16
BRDA:24,0,0,1
BRDA:24,0,1,1
BRDA:37,1,0,1
BRDA:37,1,1,0
BRDA:48,2,0,1
BRDA:48,2,1,1
BRF:6
BRH:5
end_of_record
