TN:
SF:src\index.ts
FNF:0
FNH:0
LF:0
LH:0
BRF:0
BRH:0
end_of_record
TN:
SF:src\orxe-singlecheckbox.ts
FN:62,(anonymous_0)
FN:82,(anonymous_1)
FN:95,(anonymous_2)
FN:106,(anonymous_3)
FN:122,(anonymous_4)
FNF:5
FNH:5
FNDA:8,(anonymous_0)
FNDA:2,(anonymous_1)
FNDA:1,(anonymous_2)
FNDA:8,(anonymous_3)
FNDA:8,(anonymous_4)
DA:19,7
DA:28,7
DA:36,7
DA:44,7
DA:52,7
DA:60,7
DA:63,8
DA:64,8
DA:65,8
DA:66,8
DA:67,0
DA:68,0
DA:71,8
DA:72,8
DA:83,2
DA:84,2
DA:85,1
DA:87,1
DA:96,1
DA:97,1
DA:98,1
DA:107,8
DA:123,8
DA:124,0
DA:131,8
DA:132,8
DA:145,2
LF:27
LH:24
BRDA:63,0,0,8
BRDA:63,0,1,0
BRDA:65,1,0,8
BRDA:65,1,1,0
BRDA:66,2,0,0
BRDA:66,2,1,8
BRDA:84,3,0,1
BRDA:84,3,1,1
BRDA:97,4,0,1
BRDA:97,4,1,0
BRDA:123,5,0,0
BRDA:123,5,1,8
BRDA:131,6,0,8
BRDA:131,6,1,0
BRF:14
BRH:8
end_of_record
